<?xml version="1.0" encoding="utf-8"?><testsuites name="pytest tests"><testsuite name="pytest" errors="0" failures="0" skipped="0" tests="15" time="5.274" timestamp="2026-09-03T16:22:11.785572+00:00" hostname="agent-env-f801d88e-2ecf-4ba6-ae18-321de31c3874"><testcase classname="tests.test_analitik" name="test_requires_auth" time="0.258" /><testcase classname="tests.test_analitik" name="test_petugas_can_access" time="0.554" /><testcase classname="tests.test_analitik" name="test_koordinator_can_access" time="0.567" /><testcase classname="tests.test_analitik" name="test_start_after_end_returns_400" time="0.255" /><testcase classname="tests.test_analitik" name="test_missing_params_returns_422" time="0.165" /><testcase classname="tests.test_analitik" name="test_far_future_range_returns_empty_trend" time="0.157" /><testcase classname="tests.test_analitik" name="test_reagen_id_filters_trend_but_not_comparison" time="0.332" /><testcase classname="tests.test_analitik" name="test_trend_sorted_ascending" time="0.193" /><testcase classname="tests.test_analitik" name="test_comparison_sorted_desc" time="0.171" /><testcase classname="tests.test_analitik" name="test_comparison_limit_respected[5-5]" time="0.185" /><testcase classname="tests.test_analitik" name="test_comparison_limit_respected[10-10]" time="0.403" /><testcase classname="tests.test_analitik" name="test_comparison_limit_respected[20-20]" time="0.248" /><testcase classname="tests.test_analitik" name="test_invalid_comparison_limit_falls_back_to_10" time="0.181" /><testcase classname="tests.test_analitik" name="test_comparison_custom_ids_returns_exact_selection" time="0.881" /><testcase classname="tests.test_analitik" name="test_comparison_custom_ignores_limit" time="0.370" /></testsuite></testsuites>