<?xml version="1.0" encoding="utf-8"?><testsuites name="pytest tests"><testsuite name="pytest" errors="0" failures="0" skipped="0" tests="22" time="10.584" timestamp="2026-09-03T12:29:25.032423+00:00" hostname="agent-env-f801d88e-2ecf-4ba6-ae18-321de31c3874"><testcase classname="tests.test_user_mgmt" name="test_cleanup_leftover_test_accounts" time="0.701" /><testcase classname="tests.test_user_mgmt" name="test_list_users_koor" time="0.152" /><testcase classname="tests.test_user_mgmt" name="test_list_users_petugas_403" time="0.562" /><testcase classname="tests.test_user_mgmt" name="test_list_users_no_token_401" time="0.154" /><testcase classname="tests.test_user_mgmt" name="test_create_petugas_by_petugas_403" time="0.134" /><testcase classname="tests.test_user_mgmt" name="test_create_petugas_success" time="0.706" /><testcase classname="tests.test_user_mgmt" name="test_create_koord_success_and_login" time="0.860" /><testcase classname="tests.test_user_mgmt" name="test_create_duplicate_returns_409" time="0.145" /><testcase classname="tests.test_user_mgmt" name="test_create_invalid_role_400" time="0.173" /><testcase classname="tests.test_user_mgmt" name="test_create_short_password_400" time="0.168" /><testcase classname="tests.test_user_mgmt" name="test_delete_by_petugas_403" time="0.159" /><testcase classname="tests.test_user_mgmt" name="test_delete_self_400" time="0.159" /><testcase classname="tests.test_user_mgmt" name="test_delete_petugas_success" time="0.683" /><testcase classname="tests.test_user_mgmt" name="test_delete_last_koordinator_blocked" time="0.147" /><testcase classname="tests.test_user_mgmt" name="test_last_koordinator_logic_simulated" time="0.116" /><testcase classname="tests.test_user_mgmt" name="test_cleanup_test_koord_a" time="0.152" /><testcase classname="tests.test_user_mgmt" name="test_delete_last_koordinator_actual" time="0.977" /><testcase classname="tests.test_user_mgmt" name="test_change_password_no_token_401" time="0.165" /><testcase classname="tests.test_user_mgmt" name="test_change_password_wrong_current" time="0.456" /><testcase classname="tests.test_user_mgmt" name="test_change_password_short_new" time="0.340" /><testcase classname="tests.test_user_mgmt" name="test_change_password_success_and_revert" time="2.045" /><testcase classname="tests.test_user_mgmt" name="test_final_cleanup" time="1.073" /></testsuite></testsuites>