<?xml version="1.0" encoding="utf-8"?><testsuites name="pytest tests"><testsuite name="pytest" errors="0" failures="1" skipped="0" tests="25" time="6.729" timestamp="2026-09-03T12:13:09.409674+00:00" hostname="agent-env-f801d88e-2ecf-4ba6-ae18-321de31c3874"><testcase classname="tests.test_auth_rbac" name="test_login_wrong_password" time="0.487" /><testcase classname="tests.test_auth_rbac" name="test_login_unknown_user" time="0.139" /><testcase classname="tests.test_auth_rbac" name="test_public_endpoints_no_auth" time="0.316" /><testcase classname="tests.test_auth_rbac" name="test_protected_endpoint_no_token_returns_401" time="0.872" /><testcase classname="tests.test_auth_rbac" name="test_invalid_token_returns_401" time="0.154" /><testcase classname="tests.test_auth_rbac" name="test_auth_me" time="1.010" /><testcase classname="tests.test_auth_rbac" name="test_petugas_can_read[/api/reagen]" time="0.149" /><testcase classname="tests.test_auth_rbac" name="test_petugas_can_read[/api/mapping-tests]" time="0.150" /><testcase classname="tests.test_auth_rbac" name="test_petugas_can_read[/api/prf]" time="0.157" /><testcase classname="tests.test_auth_rbac" name="test_petugas_can_read[/api/penerimaan]" time="0.149" /><testcase classname="tests.test_auth_rbac" name="test_petugas_can_read[/api/notifikasi/whatsapp/jadwal]" time="0.108" /><testcase classname="tests.test_auth_rbac" name="test_petugas_can_read[/api/meta/periods]" time="0.130" /><testcase classname="tests.test_auth_rbac" name="test_petugas_can_read_monitoring" time="0.211" /><testcase classname="tests.test_auth_rbac" name="test_petugas_cannot_create_mapping" time="0.133" /><testcase classname="tests.test_auth_rbac" name="test_petugas_cannot_delete_mapping" time="0.142" /><testcase classname="tests.test_auth_rbac" name="test_petugas_cannot_update_mapping" time="0.165" /><testcase classname="tests.test_auth_rbac" name="test_petugas_cannot_delete_periode" time="0.149" /><testcase classname="tests.test_auth_rbac" name="test_petugas_cannot_create_prf" time="0.125" /><testcase classname="tests.test_auth_rbac" name="test_petugas_cannot_update_reagen" time="0.158"><failure message="AttributeError: 'list' object has no attribute 'get'">backend/tests/test_auth_rbac.py:147: in test_petugas_cannot_update_reagen
    items = lst.get('items') or lst
            ^^^^^^^
E   AttributeError: 'list' object has no attribute 'get'</failure></testcase><testcase classname="tests.test_auth_rbac" name="test_petugas_cannot_send_whatsapp" time="0.146" /><testcase classname="tests.test_auth_rbac" name="test_petugas_cannot_set_qc" time="0.154" /><testcase classname="tests.test_auth_rbac" name="test_petugas_cannot_set_saldo_awal" time="0.141" /><testcase classname="tests.test_auth_rbac" name="test_koord_full_mapping_flow" time="0.594" /><testcase classname="tests.test_auth_rbac" name="test_regression_wa_jadwal" time="0.250" /><testcase classname="tests.test_auth_rbac" name="test_regression_wa_preview_sudah_prf" time="0.162" /></testsuite></testsuites>