<?xml version="1.0" encoding="utf-8"?><testsuites name="pytest tests"><testsuite name="pytest" errors="0" failures="0" skipped="0" tests="11" time="17.025" timestamp="2026-09-03T15:16:45.575995+00:00" hostname="agent-env-f801d88e-2ecf-4ba6-ae18-321de31c3874"><testcase classname="tests.test_security_fixes.TestSEC001SeedIdempotent" name="test_original_credentials_still_work" time="0.850" /><testcase classname="tests.test_security_fixes.TestSEC001SeedIdempotent" name="test_change_password_persists_across_uses" time="2.902" /><testcase classname="tests.test_security_fixes.TestSEC002TokenVersion" name="test_change_password_invalidates_old_token" time="3.135" /><testcase classname="tests.test_security_fixes.TestSEC002TokenVersion" name="test_delete_user_invalidates_token" time="1.660" /><testcase classname="tests.test_security_fixes.TestSEC003ReagenSearchEscape" name="test_normal_search_works" time="0.582" /><testcase classname="tests.test_security_fixes.TestSEC003ReagenSearchEscape" name="test_special_chars_no_crash_and_fast" time="2.049" /><testcase classname="tests.test_security_fixes.TestSEC004LisImportLimits" name="test_oversize_file_rejected" time="1.506" /><testcase classname="tests.test_security_fixes.TestSEC004LisImportLimits" name="test_wrong_extension_rejected" time="0.564" /><testcase classname="tests.test_security_fixes.TestRegressionEndpoints" name="test_health" time="0.177" /><testcase classname="tests.test_security_fixes.TestRegressionEndpoints" name="test_petugas_rbac_denied_on_write" time="1.828" /><testcase classname="tests.test_security_fixes.TestRegressionEndpoints" name="test_koordinator_can_read_all" time="1.717" /></testsuite></testsuites>