<?xml version="1.0" encoding="utf-8"?><testsuites name="pytest tests"><testsuite name="pytest" errors="0" failures="0" skipped="0" tests="17" time="5.566" timestamp="2026-09-03T16:01:27.474422+00:00" hostname="agent-env-f801d88e-2ecf-4ba6-ae18-321de31c3874"><testcase classname="tests.test_settings_retention.TestGetSettings" name="test_get_settings_koordinator" time="0.716" /><testcase classname="tests.test_settings_retention.TestGetSettings" name="test_get_settings_petugas_allowed" time="0.537" /><testcase classname="tests.test_settings_retention.TestGetSettings" name="test_get_settings_unauth" time="0.144" /><testcase classname="tests.test_settings_retention.TestPutSettings" name="test_put_forbidden_for_petugas" time="0.178" /><testcase classname="tests.test_settings_retention.TestPutSettings" name="test_put_invalid_value" time="0.202" /><testcase classname="tests.test_settings_retention.TestPutSettings" name="test_put_valid_and_persist[3]" time="0.318" /><testcase classname="tests.test_settings_retention.TestPutSettings" name="test_put_valid_and_persist[7]" time="0.379" /><testcase classname="tests.test_settings_retention.TestPutSettings" name="test_put_valid_and_persist[30]" time="0.542" /><testcase classname="tests.test_settings_retention.TestPutSettings" name="test_reset_to_default_7" time="0.267" /><testcase classname="tests.test_settings_retention.TestRetentionCleanup" name="test_existing_lis_raw_has_uploaded_at" time="0.005" /><testcase classname="tests.test_settings_retention.TestRetentionCleanup" name="test_cleanup_deletes_old_preserves_new_and_leaves_usage_alone" time="0.931" /><testcase classname="tests.test_settings_retention.TestRetentionCleanup" name="test_import_log_has_lis_cleanup_entries" time="0.139" /><testcase classname="tests.test_settings_retention.TestRegression" name="test_monitoring_ok" time="0.257" /><testcase classname="tests.test_settings_retention.TestRegression" name="test_health" time="0.188" /><testcase classname="tests.test_settings_retention.TestRegression" name="test_lis_raw_endpoint" time="0.193" /><testcase classname="tests.test_settings_retention.TestRegression" name="test_users_list_koor" time="0.275" /><testcase classname="tests.test_settings_retention.TestRegression" name="test_users_forbidden_petugas" time="0.169" /></testsuite></testsuites>